<?xml version="1.0" encoding="UTF-8"?>
<testsuite xmlns:xsi="http://www.w3.org/2001/XMLSchema-instance" xsi:noNamespaceSchemaLocation="https://maven.apache.org/surefire/maven-surefire-plugin/xsd/surefire-test-report-3.0.xsd" version="3.0" name="loginTest" time="5.804" tests="1" errors="0" skipped="0" failures="0">
  <properties>
    <property name="java.specification.version" value="22"/>
    <property name="sun.jnu.encoding" value="UTF-8"/>
    <property name="java.class.path" value="/Users/adamkockelbergh/Documents/swaglabstest/swaglabs/target/test-classes:/Users/adamkockelbergh/Documents/swaglabstest/swaglabs/target/classes:/Users/adamkockelbergh/.m2/repository/com/microsoft/playwright/playwright/1.51.0/playwright-1.51.0.jar:/Users/adamkockelbergh/.m2/repository/com/google/code/gson/gson/2.12.1/gson-2.12.1.jar:/Users/adamkockelbergh/.m2/repository/com/google/errorprone/error_prone_annotations/2.36.0/error_prone_annotations-2.36.0.jar:/Users/adamkockelbergh/.m2/repository/org/opentest4j/opentest4j/1.3.0/opentest4j-1.3.0.jar:/Users/adamkockelbergh/.m2/repository/com/microsoft/playwright/driver/1.51.0/driver-1.51.0.jar:/Users/adamkockelbergh/.m2/repository/com/microsoft/playwright/driver-bundle/1.51.0/driver-bundle-1.51.0.jar:/Users/adamkockelbergh/.m2/repository/junit/junit/4.12/junit-4.12.jar:/Users/adamkockelbergh/.m2/repository/org/hamcrest/hamcrest-core/1.3/hamcrest-core-1.3.jar:"/>
    <property name="java.vm.vendor" value="Oracle Corporation"/>
    <property name="sun.arch.data.model" value="64"/>
    <property name="java.vendor.url" value="https://java.oracle.com/"/>
    <property name="os.name" value="Mac OS X"/>
    <property name="java.vm.specification.version" value="22"/>
    <property name="user.country" value="NZ"/>
    <property name="sun.java.launcher" value="SUN_STANDARD"/>
    <property name="sun.boot.library.path" value="/Library/Java/JavaVirtualMachines/jdk-22.jdk/Contents/Home/lib"/>
    <property name="sun.java.command" value="/Users/adamkockelbergh/Documents/swaglabstest/swaglabs/target/surefire/surefirebooter-20250612091556003_3.jar /Users/adamkockelbergh/Documents/swaglabstest/swaglabs/target/surefire 2025-06-12T09-15-55_933-jvmRun1 surefire-20250612091556003_1tmp surefire_0-20250612091556003_2tmp"/>
    <property name="http.nonProxyHosts" value="local|*.local|169.254/16|*.169.254/16"/>
    <property name="jdk.debug" value="release"/>
    <property name="test" value="loginTest#login"/>
    <property name="surefire.test.class.path" value="/Users/adamkockelbergh/Documents/swaglabstest/swaglabs/target/test-classes:/Users/adamkockelbergh/Documents/swaglabstest/swaglabs/target/classes:/Users/adamkockelbergh/.m2/repository/com/microsoft/playwright/playwright/1.51.0/playwright-1.51.0.jar:/Users/adamkockelbergh/.m2/repository/com/google/code/gson/gson/2.12.1/gson-2.12.1.jar:/Users/adamkockelbergh/.m2/repository/com/google/errorprone/error_prone_annotations/2.36.0/error_prone_annotations-2.36.0.jar:/Users/adamkockelbergh/.m2/repository/org/opentest4j/opentest4j/1.3.0/opentest4j-1.3.0.jar:/Users/adamkockelbergh/.m2/repository/com/microsoft/playwright/driver/1.51.0/driver-1.51.0.jar:/Users/adamkockelbergh/.m2/repository/com/microsoft/playwright/driver-bundle/1.51.0/driver-bundle-1.51.0.jar:/Users/adamkockelbergh/.m2/repository/junit/junit/4.12/junit-4.12.jar:/Users/adamkockelbergh/.m2/repository/org/hamcrest/hamcrest-core/1.3/hamcrest-core-1.3.jar:"/>
    <property name="sun.cpu.endian" value="little"/>
    <property name="user.home" value="/Users/adamkockelbergh"/>
    <property name="user.language" value="en"/>
    <property name="java.specification.vendor" value="Oracle Corporation"/>
    <property name="java.version.date" value="2024-07-16"/>
    <property name="java.home" value="/Library/Java/JavaVirtualMachines/jdk-22.jdk/Contents/Home"/>
    <property name="file.separator" value="/"/>
    <property name="basedir" value="/Users/adamkockelbergh/Documents/swaglabstest/swaglabs"/>
    <property name="java.vm.compressedOopsMode" value="Zero based"/>
    <property name="line.separator" value="&#10;"/>
    <property name="java.vm.specification.vendor" value="Oracle Corporation"/>
    <property name="java.specification.name" value="Java Platform API Specification"/>
    <property name="apple.awt.application.name" value="ForkedBooter"/>
    <property name="surefire.real.class.path" value="/Users/adamkockelbergh/Documents/swaglabstest/swaglabs/target/surefire/surefirebooter-20250612091556003_3.jar"/>
    <property name="sun.management.compiler" value="HotSpot 64-Bit Tiered Compilers"/>
    <property name="ftp.nonProxyHosts" value="local|*.local|169.254/16|*.169.254/16"/>
    <property name="java.runtime.version" value="22.0.2+9-70"/>
    <property name="user.name" value="adamkockelbergh"/>
    <property name="stdout.encoding" value="UTF-8"/>
    <property name="path.separator" value=":"/>
    <property name="os.version" value="13.6.7"/>
    <property name="java.runtime.name" value="Java(TM) SE Runtime Environment"/>
    <property name="file.encoding" value="UTF-8"/>
    <property name="java.vm.name" value="Java HotSpot(TM) 64-Bit Server VM"/>
    <property name="maven.ext.class.path" value="/Users/adamkockelbergh/.vscode/extensions/oracle.oracle-java-24.0.0/nbcode/java/maven-nblib/netbeans-eventspy.jar"/>
    <property name="localRepository" value="/Users/adamkockelbergh/.m2/repository"/>
    <property name="java.vendor.url.bug" value="https://bugreport.java.com/bugreport/"/>
    <property name="java.io.tmpdir" value="/var/folders/lz/wdv8tvcn2rj011k4px5t64cm0000gn/T/"/>
    <property name="java.version" value="22.0.2"/>
    <property name="user.dir" value="/Users/adamkockelbergh/Documents/swaglabstest/swaglabs"/>
    <property name="os.arch" value="aarch64"/>
    <property name="java.vm.specification.name" value="Java Virtual Machine Specification"/>
    <property name="native.encoding" value="UTF-8"/>
    <property name="java.library.path" value="/Users/adamkockelbergh/Library/Java/Extensions:/Library/Java/Extensions:/Network/Library/Java/Extensions:/System/Library/Java/Extensions:/usr/lib/java:."/>
    <property name="java.vm.info" value="mixed mode, sharing"/>
    <property name="stderr.encoding" value="UTF-8"/>
    <property name="java.vendor" value="Oracle Corporation"/>
    <property name="java.vm.version" value="22.0.2+9-70"/>
    <property name="sun.io.unicode.encoding" value="UnicodeBig"/>
    <property name="socksNonProxyHosts" value="local|*.local|169.254/16|*.169.254/16"/>
    <property name="java.class.version" value="66.0"/>
    <property name="argLine" value="--enable-preview"/>
  </properties>
  <testcase name="login" classname="loginTest" time="1.543">
    <system-out><![CDATA[https://www.saucedemo.com/v1/inventory.html
]]></system-out>
  </testcase>
</testsuite>